0 info it worked if it ends with ok
1 verbose cli [ 'C:\\Program Files\\nodejs\\node.exe',
1 verbose cli   'C:\\Program Files\\nodejs\\node_modules\\npm\\bin\\npm-cli.js',
1 verbose cli   'run',
1 verbose cli   'dev' ]
2 info using npm@4.0.5
3 info using node@v7.4.0
4 verbose run-script [ 'predev', 'dev', 'postdev' ]
5 info lifecycle panel-portal@1.0.0~predev: panel-portal@1.0.0
6 silly lifecycle panel-portal@1.0.0~predev: no script for predev, continuing
7 info lifecycle panel-portal@1.0.0~dev: panel-portal@1.0.0
8 verbose lifecycle panel-portal@1.0.0~dev: unsafe-perm in lifecycle true
9 verbose lifecycle panel-portal@1.0.0~dev: PATH: C:\Program Files\nodejs\node_modules\npm\bin\node-gyp-bin;C:\Users\annako\Documents\GitHub\tekshop-design\node_modules\.bin;C:\Users\annako\AppData\Local\GitHub\PortableGit_d7effa1a4a322478cd29c826b52a0c118ad3db11\cmd;C:\Users\annako\AppData\Local\GitHub\PortableGit_d7effa1a4a322478cd29c826b52a0c118ad3db11\usr\bin;C:\Users\annako\AppData\Local\GitHub\PortableGit_d7effa1a4a322478cd29c826b52a0c118ad3db11\usr\share\git-tfs;C:\Users\annako\AppData\Local\Apps\2.0\YR77D8M0.XXV\ZP4P92TP.998\gith..tion_317444273a93ac29_0003.0003_665ccbdbd3c2d8d4;C:\Users\annako\AppData\Local\GitHub\lfs-amd64_1.3.1;C:\Users\annako\AppData\Local\Apps\2.0\YR77D8M0.XXV\ZP4P92TP.998\gith..tion_317444273a93ac29_0003.0003_665ccbdbd3c2d8d4\NativeBinaries\x86;C:\Windows\system32;C:\Windows;C:\Windows\System32\Wbem;C:\Windows\System32\WindowsPowerShell\v1.0\;C:\Windows\CCM;C:\Program Files (x86)\Skype\Phone\;C:\Program Files\nodejs\;C:\Users\annako\AppData\Local\Microsoft\WindowsApps;C:\Users\annako\AppData\Roaming\npm;C:\Windows\Microsoft.NET\Framework\v4.0.30319\
10 verbose lifecycle panel-portal@1.0.0~dev: CWD: C:\Users\annako\Documents\GitHub\tekshop-design
11 silly lifecycle panel-portal@1.0.0~dev: Args: [ '/d /s /c',
11 silly lifecycle   'webpack --watch --devtool \'cheap-module-eval-source-map\'' ]
12 silly lifecycle panel-portal@1.0.0~dev: Returned: code: 3221225786  signal: null
13 info lifecycle panel-portal@1.0.0~dev: Failed to exec dev script
14 verbose stack Error: panel-portal@1.0.0 dev: `webpack --watch --devtool 'cheap-module-eval-source-map'`
14 verbose stack Exit status 3221225786
14 verbose stack     at EventEmitter.<anonymous> (C:\Program Files\nodejs\node_modules\npm\lib\utils\lifecycle.js:279:16)
14 verbose stack     at emitTwo (events.js:106:13)
14 verbose stack     at EventEmitter.emit (events.js:191:7)
14 verbose stack     at ChildProcess.<anonymous> (C:\Program Files\nodejs\node_modules\npm\lib\utils\spawn.js:40:14)
14 verbose stack     at emitTwo (events.js:106:13)
14 verbose stack     at ChildProcess.emit (events.js:191:7)
14 verbose stack     at maybeClose (internal/child_process.js:885:16)
14 verbose stack     at Process.ChildProcess._handle.onexit (internal/child_process.js:226:5)
15 verbose pkgid panel-portal@1.0.0
16 verbose cwd C:\Users\annako\Documents\GitHub\tekshop-design
17 error Windows_NT 10.0.14393
18 error argv "C:\\Program Files\\nodejs\\node.exe" "C:\\Program Files\\nodejs\\node_modules\\npm\\bin\\npm-cli.js" "run" "dev"
19 error node v7.4.0
20 error npm  v4.0.5
21 error code ELIFECYCLE
22 error panel-portal@1.0.0 dev: `webpack --watch --devtool 'cheap-module-eval-source-map'`
22 error Exit status 3221225786
23 error Failed at the panel-portal@1.0.0 dev script 'webpack --watch --devtool 'cheap-module-eval-source-map''.
23 error Make sure you have the latest version of node.js and npm installed.
23 error If you do, this is most likely a problem with the panel-portal package,
23 error not with npm itself.
23 error Tell the author that this fails on your system:
23 error     webpack --watch --devtool 'cheap-module-eval-source-map'
23 error You can get information on how to open an issue for this project with:
23 error     npm bugs panel-portal
23 error Or if that isn't available, you can get their info via:
23 error     npm owner ls panel-portal
23 error There is likely additional logging output above.
24 verbose exit [ 1, true ]
